<?xml version="1.0" encoding="UTF-8"?>
<testsuite name="com.example.fastcampusbookstore.FastCampusBookStoreApplicationTests" tests="1" skipped="0" failures="0" errors="0" timestamp="2025-07-10T09:12:36.485Z" hostname="CHOI" time="0.586">
  <properties/>
  <testcase name="contextLoads()" classname="com.example.fastcampusbookstore.FastCampusBookStoreApplicationTests" time="0.586"/>
  <system-out><![CDATA[18:12:26.005 [Test worker] INFO org.springframework.test.context.support.AnnotationConfigContextLoaderUtils -- Could not detect default configuration classes for test class [com.example.fastcampusbookstore.FastCampusBookStoreApplicationTests]: FastCampusBookStoreApplicationTests does not declare any static, non-private, non-final, nested classes annotated with @Configuration.
18:12:26.193 [Test worker] INFO org.springframework.boot.test.context.SpringBootTestContextBootstrapper -- Found @SpringBootConfiguration com.example.fastcampusbookstore.FastCampusBookStoreApplication for test class com.example.fastcampusbookstore.FastCampusBookStoreApplicationTests

  .   ____          _            __ _ _
 /\\ / ___'_ __ _ _(_)_ __  __ _ \ \ \ \
( ( )\___ | '_ | '_| | '_ \/ _` | \ \ \ \
 \\/  ___)| |_)| | | | | || (_| |  ) ) ) )
  '  |____| .__|_| |_|_| |_\__, | / / / /
 =========|_|==============|___/=/_/_/_/

 :: Spring Boot ::                (v3.5.3)

2025-07-10T18:12:26.806+09:00  INFO 23632 --- [FastCampusBookStore] [    Test worker] .e.f.FastCampusBookStoreApplicationTests : Starting FastCampusBookStoreApplicationTests using Java 21.0.7 with PID 23632 (started by chanwoo in C:\Users\chanwoo\FastCampusBookStore)
2025-07-10T18:12:26.808+09:00 DEBUG 23632 --- [FastCampusBookStore] [    Test worker] .e.f.FastCampusBookStoreApplicationTests : Running with Spring Boot v3.5.3, Spring v6.2.8
2025-07-10T18:12:26.809+09:00  INFO 23632 --- [FastCampusBookStore] [    Test worker] .e.f.FastCampusBookStoreApplicationTests : No active profile set, falling back to 1 default profile: "default"
2025-07-10T18:12:26.861+09:00 DEBUG 23632 --- [FastCampusBookStore] [    Test worker] o.s.w.c.s.GenericWebApplicationContext   : Refreshing org.springframework.web.context.support.GenericWebApplicationContext@4dafba3e
2025-07-10T18:12:27.981+09:00  INFO 23632 --- [FastCampusBookStore] [    Test worker] .s.d.r.c.RepositoryConfigurationDelegate : Bootstrapping Spring Data JPA repositories in DEFAULT mode.
2025-07-10T18:12:28.153+09:00  INFO 23632 --- [FastCampusBookStore] [    Test worker] .s.d.r.c.RepositoryConfigurationDelegate : Finished Spring Data repository scanning in 151 ms. Found 13 JPA repository interfaces.
2025-07-10T18:12:28.902+09:00  INFO 23632 --- [FastCampusBookStore] [    Test worker] o.hibernate.jpa.internal.util.LogHelper  : HHH000204: Processing PersistenceUnitInfo [name: default]
2025-07-10T18:12:29.044+09:00  INFO 23632 --- [FastCampusBookStore] [    Test worker] org.hibernate.Version                    : HHH000412: Hibernate ORM core version 6.6.18.Final
2025-07-10T18:12:29.141+09:00  INFO 23632 --- [FastCampusBookStore] [    Test worker] o.h.c.internal.RegionFactoryInitiator    : HHH000026: Second-level cache disabled
2025-07-10T18:12:29.769+09:00  INFO 23632 --- [FastCampusBookStore] [    Test worker] o.s.o.j.p.SpringPersistenceUnitInfo      : No LoadTimeWeaver setup: ignoring JPA class transformer
2025-07-10T18:12:29.826+09:00  INFO 23632 --- [FastCampusBookStore] [    Test worker] com.zaxxer.hikari.HikariDataSource       : HikariPool-1 - Starting...
2025-07-10T18:12:30.399+09:00  INFO 23632 --- [FastCampusBookStore] [    Test worker] com.zaxxer.hikari.pool.HikariPool        : HikariPool-1 - Added connection com.mysql.cj.jdbc.ConnectionImpl@5ec6a1b6
2025-07-10T18:12:30.406+09:00  INFO 23632 --- [FastCampusBookStore] [    Test worker] com.zaxxer.hikari.HikariDataSource       : HikariPool-1 - Start completed.
2025-07-10T18:12:30.577+09:00  INFO 23632 --- [FastCampusBookStore] [    Test worker] org.hibernate.orm.connections.pooling    : HHH10001005: Database info:
	Database JDBC URL [Connecting through datasource 'HikariDataSource (HikariPool-1)']
	Database driver: undefined/unknown
	Database version: 8.0.37
	Autocommit mode: undefined/unknown
	Isolation level: undefined/unknown
	Minimum pool size: undefined/unknown
	Maximum pool size: undefined/unknown
2025-07-10T18:12:32.336+09:00  INFO 23632 --- [FastCampusBookStore] [    Test worker] o.h.e.t.j.p.i.JtaPlatformInitiator       : HHH000489: No JTA platform available (set 'hibernate.transaction.jta.platform' to enable JTA platform integration)
2025-07-10T18:12:32.613+09:00  INFO 23632 --- [FastCampusBookStore] [    Test worker] j.LocalContainerEntityManagerFactoryBean : Initialized JPA EntityManagerFactory for persistence unit 'default'
2025-07-10T18:12:33.060+09:00  INFO 23632 --- [FastCampusBookStore] [    Test worker] o.s.d.j.r.query.QueryEnhancerFactory     : Hibernate is in classpath; If applicable, HQL parser will be used.
2025-07-10T18:12:35.588+09:00  WARN 23632 --- [FastCampusBookStore] [    Test worker] JpaBaseConfiguration$JpaWebConfiguration : spring.jpa.open-in-view is enabled by default. Therefore, database queries may be performed during view rendering. Explicitly configure spring.jpa.open-in-view to disable this warning
2025-07-10T18:12:35.648+09:00  INFO 23632 --- [FastCampusBookStore] [    Test worker] o.s.b.a.w.s.WelcomePageHandlerMapping    : Adding welcome page template: index
2025-07-10T18:12:35.863+09:00 DEBUG 23632 --- [FastCampusBookStore] [    Test worker] s.w.s.m.m.a.RequestMappingHandlerMapping : 67 mappings in 'requestMappingHandlerMapping'
2025-07-10T18:12:36.087+09:00 DEBUG 23632 --- [FastCampusBookStore] [    Test worker] o.s.w.s.handler.SimpleUrlHandlerMapping  : Patterns [/webjars/**, /**] in 'resourceHandlerMapping'
2025-07-10T18:12:36.129+09:00 DEBUG 23632 --- [FastCampusBookStore] [    Test worker] s.w.s.m.m.a.RequestMappingHandlerAdapter : ControllerAdvice beans: 0 @ModelAttribute, 0 @InitBinder, 1 RequestBodyAdvice, 1 ResponseBodyAdvice
2025-07-10T18:12:36.266+09:00 DEBUG 23632 --- [FastCampusBookStore] [    Test worker] .m.m.a.ExceptionHandlerExceptionResolver : ControllerAdvice beans: 0 @ExceptionHandler, 1 ResponseBodyAdvice
2025-07-10T18:12:36.460+09:00  INFO 23632 --- [FastCampusBookStore] [    Test worker] .e.f.FastCampusBookStoreApplicationTests : Started FastCampusBookStoreApplicationTests in 10.034 seconds (process running for 11.994)
]]></system-out>
  <system-err><![CDATA[Mockito is currently self-attaching to enable the inline-mock-maker. This will no longer work in future releases of the JDK. Please add Mockito as an agent to your build as described in Mockito's documentation: https://javadoc.io/doc/org.mockito/mockito-core/latest/org.mockito/org/mockito/Mockito.html#0.3
WARNING: A Java agent has been loaded dynamically (C:\Users\chanwoo\.gradle\caches\modules-2\files-2.1\net.bytebuddy\byte-buddy-agent\1.17.6\17b32fd9f57deef02842f7f05abc4ad8127fe34e\byte-buddy-agent-1.17.6.jar)
WARNING: If a serviceability tool is in use, please run with -XX:+EnableDynamicAgentLoading to hide this warning
WARNING: If a serviceability tool is not in use, please run with -Djdk.instrument.traceUsage for more information
WARNING: Dynamic loading of agents will be disallowed by default in a future release
]]></system-err>
</testsuite>
